Hit Ctrl-C to quit
EVENT: (1280) (2:1682419158,141321) DIAGNOSTIC: (cmdDisp) OpCodeRegistered : Opcode 0xf00 registered to port 0 slot 0
EVENT: (1280) (2:1682419158,141363) DIAGNOSTIC: (cmdDisp) OpCodeRegistered : Opcode 0x500 registered to port 1 slot 1
EVENT: (1280) (2:1682419158,141373) DIAGNOSTIC: (cmdDisp) OpCodeRegistered : Opcode 0x501 registered to port 1 slot 2
EVENT: (1280) (2:1682419158,141381) DIAGNOSTIC: (cmdDisp) OpCodeRegistered : Opcode 0x502 registered to port 1 slot 3
EVENT: (1280) (2:1682419158,141388) DIAGNOSTIC: (cmdDisp) OpCodeRegistered : Opcode 0x503 registered to port 1 slot 4
EVENT: (1280) (2:1682419158,141394) DIAGNOSTIC: (cmdDisp) OpCodeRegistered : Opcode 0x600 registered to port 2 slot 5
EVENT: (1280) (2:1682419158,141401) DIAGNOSTIC: (cmdDisp) OpCodeRegistered : Opcode 0x601 registered to port 2 slot 6
EVENT: (1280) (2:1682419158,141407) DIAGNOSTIC: (cmdDisp) OpCodeRegistered : Opcode 0x602 registered to port 2 slot 7
EVENT: (1280) (2:1682419158,141414) DIAGNOSTIC: (cmdDisp) OpCodeRegistered : Opcode 0x603 registered to port 2 slot 8
EVENT: (1280) (2:1682419158,141420) DIAGNOSTIC: (cmdDisp) OpCodeRegistered : Opcode 0x604 registered to port 2 slot 9
EVENT: (1280) (2:1682419158,141426) DIAGNOSTIC: (cmdDisp) OpCodeRegistered : Opcode 0x605 registered to port 2 slot 10
EVENT: (1280) (2:1682419158,141433) DIAGNOSTIC: (cmdDisp) OpCodeRegistered : Opcode 0x606 registered to port 2 slot 11
EVENT: (1280) (2:1682419158,141440) DIAGNOSTIC: (cmdDisp) OpCodeRegistered : Opcode 0x607 registered to port 2 slot 12
EVENT: (1280) (2:1682419158,141446) DIAGNOSTIC: (cmdDisp) OpCodeRegistered : Opcode 0xb00 registered to port 3 slot 13
EVENT: (1280) (2:1682419158,141452) DIAGNOSTIC: (cmdDisp) OpCodeRegistered : Opcode 0xb02 registered to port 3 slot 14
EVENT: (1280) (2:1682419158,141458) DIAGNOSTIC: (cmdDisp) OpCodeRegistered : Opcode 0xb03 registered to port 3 slot 15
EVENT: (1280) (2:1682419158,141465) DIAGNOSTIC: (cmdDisp) OpCodeRegistered : Opcode 0x700 registered to port 4 slot 16
EVENT: (1280) (2:1682419158,141471) DIAGNOSTIC: (cmdDisp) OpCodeRegistered : Opcode 0x701 registered to port 4 slot 17
EVENT: (1280) (2:1682419158,141477) DIAGNOSTIC: (cmdDisp) OpCodeRegistered : Opcode 0x702 registered to port 4 slot 18
EVENT: (1280) (2:1682419158,141483) DIAGNOSTIC: (cmdDisp) OpCodeRegistered : Opcode 0x800 registered to port 5 slot 19
EVENT: (1280) (2:1682419158,141490) DIAGNOSTIC: (cmdDisp) OpCodeRegistered : Opcode 0x801 registered to port 5 slot 20
EVENT: (1280) (2:1682419158,141496) DIAGNOSTIC: (cmdDisp) OpCodeRegistered : Opcode 0x802 registered to port 5 slot 21
EVENT: (1280) (2:1682419158,141502) DIAGNOSTIC: (cmdDisp) OpCodeRegistered : Opcode 0x803 registered to port 5 slot 22
EVENT: (1280) (2:1682419158,141508) DIAGNOSTIC: (cmdDisp) OpCodeRegistered : Opcode 0x804 registered to port 5 slot 23
EVENT: (1280) (2:1682419158,141514) DIAGNOSTIC: (cmdDisp) OpCodeRegistered : Opcode 0x805 registered to port 5 slot 24
EVENT: (1280) (2:1682419158,141520) DIAGNOSTIC: (cmdDisp) OpCodeRegistered : Opcode 0x806 registered to port 5 slot 25
EVENT: (1280) (2:1682419158,141527) DIAGNOSTIC: (cmdDisp) OpCodeRegistered : Opcode 0x2000 registered to port 6 slot 26
EVENT: (1280) (2:1682419158,141533) DIAGNOSTIC: (cmdDisp) OpCodeRegistered : Opcode 0x2001 registered to port 6 slot 27
EVENT: (1280) (2:1682419158,141539) DIAGNOSTIC: (cmdDisp) OpCodeRegistered : Opcode 0x2002 registered to port 6 slot 28
EVENT: (1280) (2:1682419158,141545) DIAGNOSTIC: (cmdDisp) OpCodeRegistered : Opcode 0xd00 registered to port 7 slot 29
EVENT: (1280) (2:1682419158,141552) DIAGNOSTIC: (cmdDisp) OpCodeRegistered : Opcode 0x4a00 registered to port 8 slot 30
EVENT: (1280) (2:1682419158,141558) DIAGNOSTIC: (cmdDisp) OpCodeRegistered : Opcode 0x4a01 registered to port 8 slot 31
EVENT: (3334) (2:1682419158,141574) WARNING_HI: (prmDb) PrmFileReadError : Parameter file read failed in stage OPEN (0) with record 0 and error 1
[WARNING] High task priority of 50 being clamped to 47
[WARNING] High task priority of 140 being clamped to 47
[WARNING] High task priority of 101 being clamped to 47
[WARNING] High task priority of 100 being clamped to 47
[WARNING] High task priority of 98 being clamped to 47
[WARNING] High task priority of 100 being clamped to 47
[WARNING] High task priority of 100 being clamped to 47
[WARNING] High task priority of 100 being clamped to 47
[WARNING] High task priority of 96 being clamped to 47
[ERROR] Failed to send framed data: 2
[WARNING] High task priority of 120 being clamped to 47
[WARNING] High task priority of 119 being clamped to 47
[WARNING] High task priority of 118 being clamped to 47
[WARNING] High task priority of 97 being clamped to 47
EVENT: (768) (2:1682419158,141893) DIAGNOSTIC: (rateGroup2) RateGroupStarted : Rate group started.
EVENT: (1024) (2:1682419158,141897) DIAGNOSTIC: (rateGroup3) RateGroupStarted : Rate group started.
[WARNING] High task priority of 100 being clamped to 47
EVENT: (512) (2:1682419158,141888) DIAGNOSTIC: (rateGroup1) RateGroupStarted : Rate group started.
[ERROR] Failed to send framed data: 2
Connected to 0.0.0.0:50000 as a tcp client
[WARNING] Failed to recv from port with status -8 and errno 9
Exiting...
