Hit Ctrl-C to quit
EVENT: (1280) (2:1682418923,715386) DIAGNOSTIC: (cmdDisp) OpCodeRegistered : Opcode 0xf00 registered to port 0 slot 0
EVENT: (1280) (2:1682418923,715462) DIAGNOSTIC: (cmdDisp) OpCodeRegistered : Opcode 0x500 registered to port 1 slot 1
EVENT: (1280) (2:1682418923,715473) DIAGNOSTIC: (cmdDisp) OpCodeRegistered : Opcode 0x501 registered to port 1 slot 2
EVENT: (1280) (2:1682418923,715480) DIAGNOSTIC: (cmdDisp) OpCodeRegistered : Opcode 0x502 registered to port 1 slot 3
EVENT: (1280) (2:1682418923,715488) DIAGNOSTIC: (cmdDisp) OpCodeRegistered : Opcode 0x503 registered to port 1 slot 4
EVENT: (1280) (2:1682418923,715495) DIAGNOSTIC: (cmdDisp) OpCodeRegistered : Opcode 0x600 registered to port 2 slot 5
EVENT: (1280) (2:1682418923,715502) DIAGNOSTIC: (cmdDisp) OpCodeRegistered : Opcode 0x601 registered to port 2 slot 6
EVENT: (1280) (2:1682418923,715509) DIAGNOSTIC: (cmdDisp) OpCodeRegistered : Opcode 0x602 registered to port 2 slot 7
EVENT: (1280) (2:1682418923,715516) DIAGNOSTIC: (cmdDisp) OpCodeRegistered : Opcode 0x603 registered to port 2 slot 8
EVENT: (1280) (2:1682418923,715523) DIAGNOSTIC: (cmdDisp) OpCodeRegistered : Opcode 0x604 registered to port 2 slot 9
EVENT: (1280) (2:1682418923,715530) DIAGNOSTIC: (cmdDisp) OpCodeRegistered : Opcode 0x605 registered to port 2 slot 10
EVENT: (1280) (2:1682418923,715537) DIAGNOSTIC: (cmdDisp) OpCodeRegistered : Opcode 0x606 registered to port 2 slot 11
EVENT: (1280) (2:1682418923,715543) DIAGNOSTIC: (cmdDisp) OpCodeRegistered : Opcode 0x607 registered to port 2 slot 12
EVENT: (1280) (2:1682418923,715550) DIAGNOSTIC: (cmdDisp) OpCodeRegistered : Opcode 0xb00 registered to port 3 slot 13
EVENT: (1280) (2:1682418923,715557) DIAGNOSTIC: (cmdDisp) OpCodeRegistered : Opcode 0xb02 registered to port 3 slot 14
EVENT: (1280) (2:1682418923,715564) DIAGNOSTIC: (cmdDisp) OpCodeRegistered : Opcode 0xb03 registered to port 3 slot 15
EVENT: (1280) (2:1682418923,715571) DIAGNOSTIC: (cmdDisp) OpCodeRegistered : Opcode 0x700 registered to port 4 slot 16
EVENT: (1280) (2:1682418923,715578) DIAGNOSTIC: (cmdDisp) OpCodeRegistered : Opcode 0x701 registered to port 4 slot 17
EVENT: (1280) (2:1682418923,715585) DIAGNOSTIC: (cmdDisp) OpCodeRegistered : Opcode 0x702 registered to port 4 slot 18
EVENT: (1280) (2:1682418923,715592) DIAGNOSTIC: (cmdDisp) OpCodeRegistered : Opcode 0x800 registered to port 5 slot 19
EVENT: (1280) (2:1682418923,715608) DIAGNOSTIC: (cmdDisp) OpCodeRegistered : Opcode 0x801 registered to port 5 slot 20
EVENT: (1280) (2:1682418923,715616) DIAGNOSTIC: (cmdDisp) OpCodeRegistered : Opcode 0x802 registered to port 5 slot 21
EVENT: (1280) (2:1682418923,715623) DIAGNOSTIC: (cmdDisp) OpCodeRegistered : Opcode 0x803 registered to port 5 slot 22
EVENT: (1280) (2:1682418923,715630) DIAGNOSTIC: (cmdDisp) OpCodeRegistered : Opcode 0x804 registered to port 5 slot 23
EVENT: (1280) (2:1682418923,715636) DIAGNOSTIC: (cmdDisp) OpCodeRegistered : Opcode 0x805 registered to port 5 slot 24
EVENT: (1280) (2:1682418923,715643) DIAGNOSTIC: (cmdDisp) OpCodeRegistered : Opcode 0x806 registered to port 5 slot 25
EVENT: (1280) (2:1682418923,715664) DIAGNOSTIC: (cmdDisp) OpCodeRegistered : Opcode 0x2000 registered to port 6 slot 26
EVENT: (1280) (2:1682418923,715686) DIAGNOSTIC: (cmdDisp) OpCodeRegistered : Opcode 0x2001 registered to port 6 slot 27
EVENT: (1280) (2:1682418923,715693) DIAGNOSTIC: (cmdDisp) OpCodeRegistered : Opcode 0x2002 registered to port 6 slot 28
EVENT: (1280) (2:1682418923,715713) DIAGNOSTIC: (cmdDisp) OpCodeRegistered : Opcode 0xd00 registered to port 7 slot 29
EVENT: (1280) (2:1682418923,715720) DIAGNOSTIC: (cmdDisp) OpCodeRegistered : Opcode 0x4a00 registered to port 8 slot 30
EVENT: (1280) (2:1682418923,715726) DIAGNOSTIC: (cmdDisp) OpCodeRegistered : Opcode 0x4a01 registered to port 8 slot 31
EVENT: (3334) (2:1682418923,715763) WARNING_HI: (prmDb) PrmFileReadError : Parameter file read failed in stage OPEN (0) with record 0 and error 1
[WARNING] High task priority of 50 being clamped to 47
[WARNING] High task priority of 140 being clamped to 47
[WARNING] High task priority of 101 being clamped to 47
[WARNING] High task priority of 100 being clamped to 47
[WARNING] High task priority of 98 being clamped to 47
[WARNING] High task priority of 100 being clamped to 47
[WARNING] High task priority of 100 being clamped to 47
[ERROR] Failed to send framed data: 2
[WARNING] High task priority of 100 being clamped to 47
[WARNING] High task priority of 96 being clamped to 47
[WARNING] High task priority of 120 being clamped to 47
[WARNING] High task priority of 119 being clamped to 47
EVENT: (512) (2:1682418923,715969) DIAGNOSTIC: (rateGroup1) RateGroupStarted : Rate group started.
[WARNING] High task priority of 118 being clamped to 47
EVENT: (768) (2:1682418923,715979) DIAGNOSTIC: (rateGroup2) RateGroupStarted : Rate group started.
EVENT: (1024) (2:1682418923,716003) DIAGNOSTIC: (rateGroup3) RateGroupStarted : Rate group started.
[WARNING] High task priority of 97 being clamped to 47
[WARNING] High task priority of 100 being clamped to 47
[ERROR] Failed to send framed data: 2
Connected to 0.0.0.0:50000 as a tcp client
EVENT: (1281) (2:1682418947,982028) COMMAND: (cmdDisp) OpCodeDispatched : Opcode 0xf00 dispatched to port 0
EVENT: (3840) (2:1682418947,982064) ACTIVITY_LO: (adapter) COMMAND_RECV : Data packet received: ( destination = hi, message = hello )
EVENT: (1282) (2:1682418947,982178) COMMAND: (cmdDisp) OpCodeCompleted : Opcode 0xf00 completed
[WARNING] Failed to recv from port with status -8 and errno 9
Exiting...
