Hit Ctrl-C to quit
EVENT: (1280) (2:1682427814,615951) DIAGNOSTIC: (cmdDisp) OpCodeRegistered : Opcode 0x500 registered to port 0 slot 0
EVENT: (1280) (2:1682427814,616002) DIAGNOSTIC: (cmdDisp) OpCodeRegistered : Opcode 0x501 registered to port 0 slot 1
EVENT: (1280) (2:1682427814,616012) DIAGNOSTIC: (cmdDisp) OpCodeRegistered : Opcode 0x502 registered to port 0 slot 2
EVENT: (1280) (2:1682427814,616019) DIAGNOSTIC: (cmdDisp) OpCodeRegistered : Opcode 0x503 registered to port 0 slot 3
EVENT: (1280) (2:1682427814,616026) DIAGNOSTIC: (cmdDisp) OpCodeRegistered : Opcode 0x600 registered to port 1 slot 4
EVENT: (1280) (2:1682427814,616033) DIAGNOSTIC: (cmdDisp) OpCodeRegistered : Opcode 0x601 registered to port 1 slot 5
EVENT: (1280) (2:1682427814,616040) DIAGNOSTIC: (cmdDisp) OpCodeRegistered : Opcode 0x602 registered to port 1 slot 6
EVENT: (1280) (2:1682427814,616046) DIAGNOSTIC: (cmdDisp) OpCodeRegistered : Opcode 0x603 registered to port 1 slot 7
EVENT: (1280) (2:1682427814,616053) DIAGNOSTIC: (cmdDisp) OpCodeRegistered : Opcode 0x604 registered to port 1 slot 8
EVENT: (1280) (2:1682427814,616059) DIAGNOSTIC: (cmdDisp) OpCodeRegistered : Opcode 0x605 registered to port 1 slot 9
EVENT: (1280) (2:1682427814,616065) DIAGNOSTIC: (cmdDisp) OpCodeRegistered : Opcode 0x606 registered to port 1 slot 10
EVENT: (1280) (2:1682427814,616072) DIAGNOSTIC: (cmdDisp) OpCodeRegistered : Opcode 0x607 registered to port 1 slot 11
EVENT: (1280) (2:1682427814,616078) DIAGNOSTIC: (cmdDisp) OpCodeRegistered : Opcode 0xb00 registered to port 2 slot 12
EVENT: (1280) (2:1682427814,616085) DIAGNOSTIC: (cmdDisp) OpCodeRegistered : Opcode 0xb02 registered to port 2 slot 13
EVENT: (1280) (2:1682427814,616091) DIAGNOSTIC: (cmdDisp) OpCodeRegistered : Opcode 0xb03 registered to port 2 slot 14
EVENT: (1280) (2:1682427814,616097) DIAGNOSTIC: (cmdDisp) OpCodeRegistered : Opcode 0x700 registered to port 3 slot 15
EVENT: (1280) (2:1682427814,616104) DIAGNOSTIC: (cmdDisp) OpCodeRegistered : Opcode 0x701 registered to port 3 slot 16
EVENT: (1280) (2:1682427814,616110) DIAGNOSTIC: (cmdDisp) OpCodeRegistered : Opcode 0x702 registered to port 3 slot 17
EVENT: (1280) (2:1682427814,616117) DIAGNOSTIC: (cmdDisp) OpCodeRegistered : Opcode 0x800 registered to port 4 slot 18
EVENT: (1280) (2:1682427814,616123) DIAGNOSTIC: (cmdDisp) OpCodeRegistered : Opcode 0x801 registered to port 4 slot 19
EVENT: (1280) (2:1682427814,616129) DIAGNOSTIC: (cmdDisp) OpCodeRegistered : Opcode 0x802 registered to port 4 slot 20
EVENT: (1280) (2:1682427814,616136) DIAGNOSTIC: (cmdDisp) OpCodeRegistered : Opcode 0x803 registered to port 4 slot 21
EVENT: (1280) (2:1682427814,616142) DIAGNOSTIC: (cmdDisp) OpCodeRegistered : Opcode 0x804 registered to port 4 slot 22
EVENT: (1280) (2:1682427814,616148) DIAGNOSTIC: (cmdDisp) OpCodeRegistered : Opcode 0x805 registered to port 4 slot 23
EVENT: (1280) (2:1682427814,616154) DIAGNOSTIC: (cmdDisp) OpCodeRegistered : Opcode 0x806 registered to port 4 slot 24
EVENT: (1280) (2:1682427814,616161) DIAGNOSTIC: (cmdDisp) OpCodeRegistered : Opcode 0x2000 registered to port 5 slot 25
EVENT: (1280) (2:1682427814,616167) DIAGNOSTIC: (cmdDisp) OpCodeRegistered : Opcode 0x2001 registered to port 5 slot 26
EVENT: (1280) (2:1682427814,616173) DIAGNOSTIC: (cmdDisp) OpCodeRegistered : Opcode 0x2002 registered to port 5 slot 27
EVENT: (1280) (2:1682427814,616180) DIAGNOSTIC: (cmdDisp) OpCodeRegistered : Opcode 0xe00 registered to port 6 slot 28
EVENT: (1280) (2:1682427814,616186) DIAGNOSTIC: (cmdDisp) OpCodeRegistered : Opcode 0xd00 registered to port 7 slot 29
EVENT: (1280) (2:1682427814,616193) DIAGNOSTIC: (cmdDisp) OpCodeRegistered : Opcode 0x4a00 registered to port 8 slot 30
EVENT: (1280) (2:1682427814,616199) DIAGNOSTIC: (cmdDisp) OpCodeRegistered : Opcode 0x4a01 registered to port 8 slot 31
EVENT: (3334) (2:1682427814,616215) WARNING_HI: (prmDb) PrmFileReadError : Parameter file read failed in stage OPEN (0) with record 0 and error 1
[WARNING] High task priority of 140 being clamped to 47
[WARNING] High task priority of 101 being clamped to 47
[WARNING] High task priority of 100 being clamped to 47
[WARNING] High task priority of 98 being clamped to 47
[WARNING] High task priority of 100 being clamped to 47
[WARNING] High task priority of 100 being clamped to 47
[WARNING] High task priority of 100 being clamped to 47
[WARNING] High task priority of 100 being clamped to 47
[WARNING] High task priority of 96 being clamped to 47
[ERROR] Failed to send framed data: 2
[WARNING] High task priority of 120 being clamped to 47
[WARNING] High task priority of 119 being clamped to 47
[WARNING] High task priority of 118 being clamped to 47
[WARNING] High task priority of 97 being clamped to 47
EVENT: (512) (2:1682427814,616495) DIAGNOSTIC: (rateGroup1) RateGroupStarted : Rate group started.
EVENT: (1024) (2:1682427814,616506) DIAGNOSTIC: (rateGroup3) RateGroupStarted : Rate group started.
[WARNING] High task priority of 100 being clamped to 47
EVENT: (768) (2:1682427814,616502) DIAGNOSTIC: (rateGroup2) RateGroupStarted : Rate group started.
[ERROR] Failed to send framed data: 2
Connected to 0.0.0.0:50000 as a tcp client
EVENT: (1281) (2:1682427837,480779) COMMAND: (cmdDisp) OpCodeDispatched : Opcode 0xe00 dispatched to port 6
EVENT: (3584) (2:1682427837,480785) ACTIVITY_LO: (packetSender) COMMAND_RECV : Packet sending command received: ( destination = 12, message = hello )
EVENT: (1282) (2:1682427837,480859) COMMAND: (cmdDisp) OpCodeCompleted : Opcode 0xe00 completed
EVENT: (8448) (2:1682427837,687710) ACTIVITY_HI: (adapter) TRANSFER_FINISHED : Transfer ( destination = 12, message = hello ) finished
EVENT: (3585) (2:1682427837,687797) ACTIVITY_HI: (packetSender) RESULT : Transfer result is 1
EVENT: (1281) (2:1682427921,731671) COMMAND: (cmdDisp) OpCodeDispatched : Opcode 0xe00 dispatched to port 6
EVENT: (3584) (2:1682427921,731677) ACTIVITY_LO: (packetSender) COMMAND_RECV : Packet sending command received: ( destination = 12, message = bye )
EVENT: (1282) (2:1682427921,731734) COMMAND: (cmdDisp) OpCodeCompleted : Opcode 0xe00 completed
EVENT: (8448) (2:1682427921,977015) ACTIVITY_HI: (adapter) TRANSFER_FINISHED : Transfer ( destination = 12, message = bye ) finished
EVENT: (3585) (2:1682427921,977076) ACTIVITY_HI: (packetSender) RESULT : Transfer result is 1
[WARNING] Failed to recv from port with status -8 and errno 9
Exiting...
